<?xml version="1.0" encoding="UTF-8"?>
<testsuite xmlns:xsi="http://www.w3.org/2001/XMLSchema-instance" xsi:noNamespaceSchemaLocation="https://maven.apache.org/surefire/maven-surefire-plugin/xsd/surefire-test-report.xsd" name="com.pkpm.clamavscan.ClamavScanApplicationTests" time="3.136" tests="2" errors="0" skipped="0" failures="0">
  <properties>
    <property name="sun.desktop" value="windows"/>
    <property name="awt.toolkit" value="sun.awt.windows.WToolkit"/>
    <property name="file.encoding.pkg" value="sun.io"/>
    <property name="java.specification.version" value="1.8"/>
    <property name="sun.cpu.isalist" value="amd64"/>
    <property name="sun.jnu.encoding" value="GBK"/>
    <property name="java.class.path" value="D:\workspace\github\openSource\clamav-scan\target\test-classes;D:\workspace\github\openSource\clamav-scan\target\classes;D:\Program Files\apache-maven-3.5.4\repo\org\projectlombok\lombok\1.18.4\lombok-1.18.4.jar;D:\Program Files\apache-maven-3.5.4\repo\org\springframework\boot\spring-boot-starter-aop\2.1.2.RELEASE\spring-boot-starter-aop-2.1.2.RELEASE.jar;D:\Program Files\apache-maven-3.5.4\repo\org\springframework\boot\spring-boot-starter\2.1.2.RELEASE\spring-boot-starter-2.1.2.RELEASE.jar;D:\Program Files\apache-maven-3.5.4\repo\org\springframework\boot\spring-boot\2.1.2.RELEASE\spring-boot-2.1.2.RELEASE.jar;D:\Program Files\apache-maven-3.5.4\repo\org\springframework\boot\spring-boot-autoconfigure\2.1.2.RELEASE\spring-boot-autoconfigure-2.1.2.RELEASE.jar;D:\Program Files\apache-maven-3.5.4\repo\org\springframework\boot\spring-boot-starter-logging\2.1.2.RELEASE\spring-boot-starter-logging-2.1.2.RELEASE.jar;D:\Program Files\apache-maven-3.5.4\repo\ch\qos\logback\logback-classic\1.2.3\logback-classic-1.2.3.jar;D:\Program Files\apache-maven-3.5.4\repo\ch\qos\logback\logback-core\1.2.3\logback-core-1.2.3.jar;D:\Program Files\apache-maven-3.5.4\repo\org\apache\logging\log4j\log4j-to-slf4j\2.11.1\log4j-to-slf4j-2.11.1.jar;D:\Program Files\apache-maven-3.5.4\repo\org\apache\logging\log4j\log4j-api\2.11.1\log4j-api-2.11.1.jar;D:\Program Files\apache-maven-3.5.4\repo\org\slf4j\jul-to-slf4j\1.7.25\jul-to-slf4j-1.7.25.jar;D:\Program Files\apache-maven-3.5.4\repo\javax\annotation\javax.annotation-api\1.3.2\javax.annotation-api-1.3.2.jar;D:\Program Files\apache-maven-3.5.4\repo\org\yaml\snakeyaml\1.23\snakeyaml-1.23.jar;D:\Program Files\apache-maven-3.5.4\repo\org\springframework\spring-aop\5.1.4.RELEASE\spring-aop-5.1.4.RELEASE.jar;D:\Program Files\apache-maven-3.5.4\repo\org\springframework\spring-beans\5.1.4.RELEASE\spring-beans-5.1.4.RELEASE.jar;D:\Program Files\apache-maven-3.5.4\repo\org\aspectj\aspectjweaver\1.9.2\aspectjweaver-1.9.2.jar;D:\Program Files\apache-maven-3.5.4\repo\org\springframework\boot\spring-boot-starter-web\2.1.2.RELEASE\spring-boot-starter-web-2.1.2.RELEASE.jar;D:\Program Files\apache-maven-3.5.4\repo\org\springframework\boot\spring-boot-starter-json\2.1.2.RELEASE\spring-boot-starter-json-2.1.2.RELEASE.jar;D:\Program Files\apache-maven-3.5.4\repo\com\fasterxml\jackson\core\jackson-databind\2.9.8\jackson-databind-2.9.8.jar;D:\Program Files\apache-maven-3.5.4\repo\com\fasterxml\jackson\core\jackson-annotations\2.9.0\jackson-annotations-2.9.0.jar;D:\Program Files\apache-maven-3.5.4\repo\com\fasterxml\jackson\core\jackson-core\2.9.8\jackson-core-2.9.8.jar;D:\Program Files\apache-maven-3.5.4\repo\com\fasterxml\jackson\datatype\jackson-datatype-jdk8\2.9.8\jackson-datatype-jdk8-2.9.8.jar;D:\Program Files\apache-maven-3.5.4\repo\com\fasterxml\jackson\datatype\jackson-datatype-jsr310\2.9.8\jackson-datatype-jsr310-2.9.8.jar;D:\Program Files\apache-maven-3.5.4\repo\com\fasterxml\jackson\module\jackson-module-parameter-names\2.9.8\jackson-module-parameter-names-2.9.8.jar;D:\Program Files\apache-maven-3.5.4\repo\org\springframework\boot\spring-boot-starter-tomcat\2.1.2.RELEASE\spring-boot-starter-tomcat-2.1.2.RELEASE.jar;D:\Program Files\apache-maven-3.5.4\repo\org\apache\tomcat\embed\tomcat-embed-core\9.0.14\tomcat-embed-core-9.0.14.jar;D:\Program Files\apache-maven-3.5.4\repo\org\apache\tomcat\embed\tomcat-embed-el\9.0.14\tomcat-embed-el-9.0.14.jar;D:\Program Files\apache-maven-3.5.4\repo\org\apache\tomcat\embed\tomcat-embed-websocket\9.0.14\tomcat-embed-websocket-9.0.14.jar;D:\Program Files\apache-maven-3.5.4\repo\org\hibernate\validator\hibernate-validator\6.0.14.Final\hibernate-validator-6.0.14.Final.jar;D:\Program Files\apache-maven-3.5.4\repo\javax\validation\validation-api\2.0.1.Final\validation-api-2.0.1.Final.jar;D:\Program Files\apache-maven-3.5.4\repo\org\jboss\logging\jboss-logging\3.3.2.Final\jboss-logging-3.3.2.Final.jar;D:\Program Files\apache-maven-3.5.4\repo\com\fasterxml\classmate\1.4.0\classmate-1.4.0.jar;D:\Program Files\apache-maven-3.5.4\repo\org\springframework\spring-web\5.1.4.RELEASE\spring-web-5.1.4.RELEASE.jar;D:\Program Files\apache-maven-3.5.4\repo\org\springframework\spring-webmvc\5.1.4.RELEASE\spring-webmvc-5.1.4.RELEASE.jar;D:\Program Files\apache-maven-3.5.4\repo\org\springframework\spring-context\5.1.4.RELEASE\spring-context-5.1.4.RELEASE.jar;D:\Program Files\apache-maven-3.5.4\repo\org\springframework\spring-expression\5.1.4.RELEASE\spring-expression-5.1.4.RELEASE.jar;D:\Program Files\apache-maven-3.5.4\repo\fi\solita\clamav\clamav-client\1.0.1\clamav-client-1.0.1.jar;D:\Program Files\apache-maven-3.5.4\repo\org\springframework\boot\spring-boot-starter-test\2.1.2.RELEASE\spring-boot-starter-test-2.1.2.RELEASE.jar;D:\Program Files\apache-maven-3.5.4\repo\org\springframework\boot\spring-boot-test\2.1.2.RELEASE\spring-boot-test-2.1.2.RELEASE.jar;D:\Program Files\apache-maven-3.5.4\repo\org\springframework\boot\spring-boot-test-autoconfigure\2.1.2.RELEASE\spring-boot-test-autoconfigure-2.1.2.RELEASE.jar;D:\Program Files\apache-maven-3.5.4\repo\com\jayway\jsonpath\json-path\2.4.0\json-path-2.4.0.jar;D:\Program Files\apache-maven-3.5.4\repo\net\minidev\json-smart\2.3\json-smart-2.3.jar;D:\Program Files\apache-maven-3.5.4\repo\net\minidev\accessors-smart\1.2\accessors-smart-1.2.jar;D:\Program Files\apache-maven-3.5.4\repo\org\ow2\asm\asm\5.0.4\asm-5.0.4.jar;D:\Program Files\apache-maven-3.5.4\repo\org\slf4j\slf4j-api\1.7.25\slf4j-api-1.7.25.jar;D:\Program Files\apache-maven-3.5.4\repo\junit\junit\4.12\junit-4.12.jar;D:\Program Files\apache-maven-3.5.4\repo\org\assertj\assertj-core\3.11.1\assertj-core-3.11.1.jar;D:\Program Files\apache-maven-3.5.4\repo\org\mockito\mockito-core\2.23.4\mockito-core-2.23.4.jar;D:\Program Files\apache-maven-3.5.4\repo\net\bytebuddy\byte-buddy\1.9.7\byte-buddy-1.9.7.jar;D:\Program Files\apache-maven-3.5.4\repo\net\bytebuddy\byte-buddy-agent\1.9.7\byte-buddy-agent-1.9.7.jar;D:\Program Files\apache-maven-3.5.4\repo\org\objenesis\objenesis\2.6\objenesis-2.6.jar;D:\Program Files\apache-maven-3.5.4\repo\org\hamcrest\hamcrest-core\1.3\hamcrest-core-1.3.jar;D:\Program Files\apache-maven-3.5.4\repo\org\hamcrest\hamcrest-library\1.3\hamcrest-library-1.3.jar;D:\Program Files\apache-maven-3.5.4\repo\org\skyscreamer\jsonassert\1.5.0\jsonassert-1.5.0.jar;D:\Program Files\apache-maven-3.5.4\repo\com\vaadin\external\google\android-json\0.0.20131108.vaadin1\android-json-0.0.20131108.vaadin1.jar;D:\Program Files\apache-maven-3.5.4\repo\org\springframework\spring-core\5.1.4.RELEASE\spring-core-5.1.4.RELEASE.jar;D:\Program Files\apache-maven-3.5.4\repo\org\springframework\spring-jcl\5.1.4.RELEASE\spring-jcl-5.1.4.RELEASE.jar;D:\Program Files\apache-maven-3.5.4\repo\org\springframework\spring-test\5.1.4.RELEASE\spring-test-5.1.4.RELEASE.jar;D:\Program Files\apache-maven-3.5.4\repo\org\xmlunit\xmlunit-core\2.6.2\xmlunit-core-2.6.2.jar;"/>
    <property name="java.vm.vendor" value="Oracle Corporation"/>
    <property name="sun.arch.data.model" value="64"/>
    <property name="user.variant" value=""/>
    <property name="java.vendor.url" value="http://java.oracle.com/"/>
    <property name="user.timezone" value="Asia/Shanghai"/>
    <property name="java.vm.specification.version" value="1.8"/>
    <property name="os.name" value="Windows 10"/>
    <property name="user.country" value="CN"/>
    <property name="sun.java.launcher" value="SUN_STANDARD"/>
    <property name="sun.boot.library.path" value="C:\iProgram Files\Java\jdk1.8.0_172\jre\bin"/>
    <property name="sun.java.command" value="C:\Users\xuhe\AppData\Local\Temp\surefire1403928364524818101\surefirebooter8590242957066050199.jar C:\Users\xuhe\AppData\Local\Temp\surefire1403928364524818101 2019-03-05T14-45-34_716-jvmRun1 surefire5601887802707021158tmp surefire_02281002798317511975tmp"/>
    <property name="surefire.test.class.path" value="D:\workspace\github\openSource\clamav-scan\target\test-classes;D:\workspace\github\openSource\clamav-scan\target\classes;D:\Program Files\apache-maven-3.5.4\repo\org\projectlombok\lombok\1.18.4\lombok-1.18.4.jar;D:\Program Files\apache-maven-3.5.4\repo\org\springframework\boot\spring-boot-starter-aop\2.1.2.RELEASE\spring-boot-starter-aop-2.1.2.RELEASE.jar;D:\Program Files\apache-maven-3.5.4\repo\org\springframework\boot\spring-boot-starter\2.1.2.RELEASE\spring-boot-starter-2.1.2.RELEASE.jar;D:\Program Files\apache-maven-3.5.4\repo\org\springframework\boot\spring-boot\2.1.2.RELEASE\spring-boot-2.1.2.RELEASE.jar;D:\Program Files\apache-maven-3.5.4\repo\org\springframework\boot\spring-boot-autoconfigure\2.1.2.RELEASE\spring-boot-autoconfigure-2.1.2.RELEASE.jar;D:\Program Files\apache-maven-3.5.4\repo\org\springframework\boot\spring-boot-starter-logging\2.1.2.RELEASE\spring-boot-starter-logging-2.1.2.RELEASE.jar;D:\Program Files\apache-maven-3.5.4\repo\ch\qos\logback\logback-classic\1.2.3\logback-classic-1.2.3.jar;D:\Program Files\apache-maven-3.5.4\repo\ch\qos\logback\logback-core\1.2.3\logback-core-1.2.3.jar;D:\Program Files\apache-maven-3.5.4\repo\org\apache\logging\log4j\log4j-to-slf4j\2.11.1\log4j-to-slf4j-2.11.1.jar;D:\Program Files\apache-maven-3.5.4\repo\org\apache\logging\log4j\log4j-api\2.11.1\log4j-api-2.11.1.jar;D:\Program Files\apache-maven-3.5.4\repo\org\slf4j\jul-to-slf4j\1.7.25\jul-to-slf4j-1.7.25.jar;D:\Program Files\apache-maven-3.5.4\repo\javax\annotation\javax.annotation-api\1.3.2\javax.annotation-api-1.3.2.jar;D:\Program Files\apache-maven-3.5.4\repo\org\yaml\snakeyaml\1.23\snakeyaml-1.23.jar;D:\Program Files\apache-maven-3.5.4\repo\org\springframework\spring-aop\5.1.4.RELEASE\spring-aop-5.1.4.RELEASE.jar;D:\Program Files\apache-maven-3.5.4\repo\org\springframework\spring-beans\5.1.4.RELEASE\spring-beans-5.1.4.RELEASE.jar;D:\Program Files\apache-maven-3.5.4\repo\org\aspectj\aspectjweaver\1.9.2\aspectjweaver-1.9.2.jar;D:\Program Files\apache-maven-3.5.4\repo\org\springframework\boot\spring-boot-starter-web\2.1.2.RELEASE\spring-boot-starter-web-2.1.2.RELEASE.jar;D:\Program Files\apache-maven-3.5.4\repo\org\springframework\boot\spring-boot-starter-json\2.1.2.RELEASE\spring-boot-starter-json-2.1.2.RELEASE.jar;D:\Program Files\apache-maven-3.5.4\repo\com\fasterxml\jackson\core\jackson-databind\2.9.8\jackson-databind-2.9.8.jar;D:\Program Files\apache-maven-3.5.4\repo\com\fasterxml\jackson\core\jackson-annotations\2.9.0\jackson-annotations-2.9.0.jar;D:\Program Files\apache-maven-3.5.4\repo\com\fasterxml\jackson\core\jackson-core\2.9.8\jackson-core-2.9.8.jar;D:\Program Files\apache-maven-3.5.4\repo\com\fasterxml\jackson\datatype\jackson-datatype-jdk8\2.9.8\jackson-datatype-jdk8-2.9.8.jar;D:\Program Files\apache-maven-3.5.4\repo\com\fasterxml\jackson\datatype\jackson-datatype-jsr310\2.9.8\jackson-datatype-jsr310-2.9.8.jar;D:\Program Files\apache-maven-3.5.4\repo\com\fasterxml\jackson\module\jackson-module-parameter-names\2.9.8\jackson-module-parameter-names-2.9.8.jar;D:\Program Files\apache-maven-3.5.4\repo\org\springframework\boot\spring-boot-starter-tomcat\2.1.2.RELEASE\spring-boot-starter-tomcat-2.1.2.RELEASE.jar;D:\Program Files\apache-maven-3.5.4\repo\org\apache\tomcat\embed\tomcat-embed-core\9.0.14\tomcat-embed-core-9.0.14.jar;D:\Program Files\apache-maven-3.5.4\repo\org\apache\tomcat\embed\tomcat-embed-el\9.0.14\tomcat-embed-el-9.0.14.jar;D:\Program Files\apache-maven-3.5.4\repo\org\apache\tomcat\embed\tomcat-embed-websocket\9.0.14\tomcat-embed-websocket-9.0.14.jar;D:\Program Files\apache-maven-3.5.4\repo\org\hibernate\validator\hibernate-validator\6.0.14.Final\hibernate-validator-6.0.14.Final.jar;D:\Program Files\apache-maven-3.5.4\repo\javax\validation\validation-api\2.0.1.Final\validation-api-2.0.1.Final.jar;D:\Program Files\apache-maven-3.5.4\repo\org\jboss\logging\jboss-logging\3.3.2.Final\jboss-logging-3.3.2.Final.jar;D:\Program Files\apache-maven-3.5.4\repo\com\fasterxml\classmate\1.4.0\classmate-1.4.0.jar;D:\Program Files\apache-maven-3.5.4\repo\org\springframework\spring-web\5.1.4.RELEASE\spring-web-5.1.4.RELEASE.jar;D:\Program Files\apache-maven-3.5.4\repo\org\springframework\spring-webmvc\5.1.4.RELEASE\spring-webmvc-5.1.4.RELEASE.jar;D:\Program Files\apache-maven-3.5.4\repo\org\springframework\spring-context\5.1.4.RELEASE\spring-context-5.1.4.RELEASE.jar;D:\Program Files\apache-maven-3.5.4\repo\org\springframework\spring-expression\5.1.4.RELEASE\spring-expression-5.1.4.RELEASE.jar;D:\Program Files\apache-maven-3.5.4\repo\fi\solita\clamav\clamav-client\1.0.1\clamav-client-1.0.1.jar;D:\Program Files\apache-maven-3.5.4\repo\org\springframework\boot\spring-boot-starter-test\2.1.2.RELEASE\spring-boot-starter-test-2.1.2.RELEASE.jar;D:\Program Files\apache-maven-3.5.4\repo\org\springframework\boot\spring-boot-test\2.1.2.RELEASE\spring-boot-test-2.1.2.RELEASE.jar;D:\Program Files\apache-maven-3.5.4\repo\org\springframework\boot\spring-boot-test-autoconfigure\2.1.2.RELEASE\spring-boot-test-autoconfigure-2.1.2.RELEASE.jar;D:\Program Files\apache-maven-3.5.4\repo\com\jayway\jsonpath\json-path\2.4.0\json-path-2.4.0.jar;D:\Program Files\apache-maven-3.5.4\repo\net\minidev\json-smart\2.3\json-smart-2.3.jar;D:\Program Files\apache-maven-3.5.4\repo\net\minidev\accessors-smart\1.2\accessors-smart-1.2.jar;D:\Program Files\apache-maven-3.5.4\repo\org\ow2\asm\asm\5.0.4\asm-5.0.4.jar;D:\Program Files\apache-maven-3.5.4\repo\org\slf4j\slf4j-api\1.7.25\slf4j-api-1.7.25.jar;D:\Program Files\apache-maven-3.5.4\repo\junit\junit\4.12\junit-4.12.jar;D:\Program Files\apache-maven-3.5.4\repo\org\assertj\assertj-core\3.11.1\assertj-core-3.11.1.jar;D:\Program Files\apache-maven-3.5.4\repo\org\mockito\mockito-core\2.23.4\mockito-core-2.23.4.jar;D:\Program Files\apache-maven-3.5.4\repo\net\bytebuddy\byte-buddy\1.9.7\byte-buddy-1.9.7.jar;D:\Program Files\apache-maven-3.5.4\repo\net\bytebuddy\byte-buddy-agent\1.9.7\byte-buddy-agent-1.9.7.jar;D:\Program Files\apache-maven-3.5.4\repo\org\objenesis\objenesis\2.6\objenesis-2.6.jar;D:\Program Files\apache-maven-3.5.4\repo\org\hamcrest\hamcrest-core\1.3\hamcrest-core-1.3.jar;D:\Program Files\apache-maven-3.5.4\repo\org\hamcrest\hamcrest-library\1.3\hamcrest-library-1.3.jar;D:\Program Files\apache-maven-3.5.4\repo\org\skyscreamer\jsonassert\1.5.0\jsonassert-1.5.0.jar;D:\Program Files\apache-maven-3.5.4\repo\com\vaadin\external\google\android-json\0.0.20131108.vaadin1\android-json-0.0.20131108.vaadin1.jar;D:\Program Files\apache-maven-3.5.4\repo\org\springframework\spring-core\5.1.4.RELEASE\spring-core-5.1.4.RELEASE.jar;D:\Program Files\apache-maven-3.5.4\repo\org\springframework\spring-jcl\5.1.4.RELEASE\spring-jcl-5.1.4.RELEASE.jar;D:\Program Files\apache-maven-3.5.4\repo\org\springframework\spring-test\5.1.4.RELEASE\spring-test-5.1.4.RELEASE.jar;D:\Program Files\apache-maven-3.5.4\repo\org\xmlunit\xmlunit-core\2.6.2\xmlunit-core-2.6.2.jar;"/>
    <property name="sun.cpu.endian" value="little"/>
    <property name="user.home" value="C:\Users\xuhe"/>
    <property name="user.language" value="zh"/>
    <property name="java.specification.vendor" value="Oracle Corporation"/>
    <property name="java.home" value="C:\iProgram Files\Java\jdk1.8.0_172\jre"/>
    <property name="basedir" value="D:\workspace\github\openSource\clamav-scan"/>
    <property name="file.separator" value="\"/>
    <property name="line.separator" value="&#10;"/>
    <property name="java.vm.specification.vendor" value="Oracle Corporation"/>
    <property name="java.specification.name" value="Java Platform API Specification"/>
    <property name="java.awt.graphicsenv" value="sun.awt.Win32GraphicsEnvironment"/>
    <property name="surefire.real.class.path" value="C:\Users\xuhe\AppData\Local\Temp\surefire1403928364524818101\surefirebooter8590242957066050199.jar"/>
    <property name="sun.boot.class.path" value="C:\iProgram Files\Java\jdk1.8.0_172\jre\lib\resources.jar;C:\iProgram Files\Java\jdk1.8.0_172\jre\lib\rt.jar;C:\iProgram Files\Java\jdk1.8.0_172\jre\lib\sunrsasign.jar;C:\iProgram Files\Java\jdk1.8.0_172\jre\lib\jsse.jar;C:\iProgram Files\Java\jdk1.8.0_172\jre\lib\jce.jar;C:\iProgram Files\Java\jdk1.8.0_172\jre\lib\charsets.jar;C:\iProgram Files\Java\jdk1.8.0_172\jre\lib\jfr.jar;C:\iProgram Files\Java\jdk1.8.0_172\jre\classes"/>
    <property name="user.script" value=""/>
    <property name="sun.management.compiler" value="HotSpot 64-Bit Tiered Compilers"/>
    <property name="java.runtime.version" value="1.8.0_172-b11"/>
    <property name="user.name" value="xuhe"/>
    <property name="path.separator" value=";"/>
    <property name="os.version" value="10.0"/>
    <property name="java.endorsed.dirs" value="C:\iProgram Files\Java\jdk1.8.0_172\jre\lib\endorsed"/>
    <property name="java.runtime.name" value="Java(TM) SE Runtime Environment"/>
    <property name="file.encoding" value="GBK"/>
    <property name="java.vm.name" value="Java HotSpot(TM) 64-Bit Server VM"/>
    <property name="localRepository" value="D:\Program Files\apache-maven-3.5.4\repo"/>
    <property name="java.vendor.url.bug" value="http://bugreport.sun.com/bugreport/"/>
    <property name="java.io.tmpdir" value="C:\Users\xuhe\AppData\Local\Temp\"/>
    <property name="java.version" value="1.8.0_172"/>
    <property name="user.dir" value="D:\workspace\github\openSource\clamav-scan"/>
    <property name="os.arch" value="amd64"/>
    <property name="java.vm.specification.name" value="Java Virtual Machine Specification"/>
    <property name="java.awt.printerjob" value="sun.awt.windows.WPrinterJob"/>
    <property name="sun.os.patch.level" value=""/>
    <property name="java.library.path" value="C:\iProgram Files\Java\jdk1.8.0_172\jre\bin;C:\Windows\Sun\Java\bin;C:\Windows\system32;C:\Windows;C:\Users\xuhe\bin;C:\iProgram Files\Git\mingw64\bin;C:\iProgram Files\Git\usr\local\bin;C:\iProgram Files\Git\usr\bin;C:\iProgram Files\Git\usr\bin;C:\iProgram Files\Git\mingw64\bin;C:\iProgram Files\Git\usr\bin;C:\Users\xuhe\bin;C:\iProgram Files (x86)\Python36-32\Scripts;C:\iProgram Files (x86)\Python36-32;C:\Program Files (x86)\Common Files\NetSarang;C:\Program Files (x86)\Common Files\Oracle\Java\javapath;C:\Windows\system32;C:\Windows;C:\Windows\System32\Wbem;C:\Windows\System32\WindowsPowerShell\v1.0;C:\Windows\System32\OpenSSH;C:\MinGW\bin;C:\iProgram Files\Java\jdk1.8.0_172\bin;D:\Program Files\apache-maven-3.5.4\bin;C:\iProgram Files\nodejs;C:\iProgram Files\nodejs;C:\Users\xuhe\AppData\Local\Programs\Python\Python36-32\Scripts;C:\Users\xuhe\AppData\Local\Programs\Python\Python36-32;C:\Users\xuhe\AppData\Local\Microsoft\WindowsApps;C:\Users\xuhe\AppData\Roaming\npm;C:\iProgram Files\Microsoft VS Code\bin;D:\Program Files\Fiddler;C:\iProgram Files\JetBrains\PyCharm Community Edition 2018.3\bin;C:\iProgram Files\JetBrains\CLion 2018.3\bin;C:\iProgram Files\Git\usr\bin\vendor_perl;C:\iProgram Files\Git\usr\bin\core_perl;."/>
    <property name="java.vm.info" value="mixed mode"/>
    <property name="java.vendor" value="Oracle Corporation"/>
    <property name="java.vm.version" value="25.172-b11"/>
    <property name="java.ext.dirs" value="C:\iProgram Files\Java\jdk1.8.0_172\jre\lib\ext;C:\Windows\Sun\Java\lib\ext"/>
    <property name="sun.io.unicode.encoding" value="UnicodeLittle"/>
    <property name="java.class.version" value="52.0"/>
  </properties>
  <testcase name="ping" classname="com.pkpm.clamavscan.ClamavScanApplicationTests" time="0.368"/>
  <testcase name="contextLoads" classname="com.pkpm.clamavscan.ClamavScanApplicationTests" time="0"/>
</testsuite>